\BOOKMARK [0][-]{chapter.1}{\376\377\000S\000y\000s\000t\000e\000m\000s}{}% 1
\BOOKMARK [1][-]{section.1.1}{\376\377\000P\000r\000o\000p\000e\000r\000t\000i\000e\000s\000\040\000o\000f\000\040\000S\000y\000s\000t\000e\000m\000s}{chapter.1}% 2
\BOOKMARK [2][-]{subsection.1.1.1}{\376\377\000R\000e\000a\000s\000o\000n\000s\000\040\000f\000o\000r\000\040\000a\000\040\000n\000e\000w\000\040\000s\000y\000s\000t\000e\000m}{section.1.1}% 3
\BOOKMARK [1][-]{section.1.2}{\376\377\000C\000h\000a\000n\000g\000e\000\040\000M\000a\000n\000a\000g\000e\000m\000e\000n\000t}{chapter.1}% 4
\BOOKMARK [2][-]{subsection.1.2.1}{\376\377\000S\000t\000a\000g\000e\000s\000\040\000o\000f\000\040\000C\000h\000a\000n\000g\000e\000\040\000M\000a\000n\000a\000g\000e\000m\000e\000n\000t}{section.1.2}% 5
\BOOKMARK [2][-]{subsection.1.2.2}{\376\377\000C\000o\000n\000s\000i\000d\000e\000r\000a\000t\000i\000o\000n\000s\000\040\000i\000n\000\040\000C\000h\000a\000n\000g\000e\000\040\000M\000a\000n\000a\000g\000e\000m\000e\000n\000t}{section.1.2}% 6
\BOOKMARK [2][-]{subsection.1.2.3}{\376\377\000S\000y\000s\000t\000e\000m\000\040\000L\000i\000f\000e\000\040\000C\000y\000c\000l\000e}{section.1.2}% 7
\BOOKMARK [1][-]{section.1.3}{\376\377\000S\000t\000a\000k\000e\000h\000o\000l\000d\000e\000r\000s}{chapter.1}% 8
\BOOKMARK [2][-]{subsection.1.3.1}{\376\377\000R\000o\000l\000e\000\040\000o\000f\000\040\000E\000n\000d\000\040\000U\000s\000e\000r\000s}{section.1.3}% 9
\BOOKMARK [2][-]{subsection.1.3.2}{\376\377\000M\000e\000t\000h\000o\000d\000s\000\040\000o\000f\000\040\000O\000b\000t\000a\000i\000n\000i\000n\000g\000\040\000R\000e\000q\000u\000i\000r\000e\000m\000e\000n\000t\000s\000\040\000f\000r\000o\000m\000\040\000S\000t\000a\000k\000e\000h\000o\000l\000d\000e\000r\000s}{section.1.3}% 10
\BOOKMARK [1][-]{section.1.4}{\376\377\000R\000a\000n\000g\000e\000\040\000o\000f\000\040\000U\000s\000a\000b\000i\000l\000i\000t\000y\000\040\000P\000r\000o\000b\000l\000e\000m\000s\000\040\000w\000i\000t\000h\000\040\000c\000o\000m\000m\000o\000n\000l\000y\000\040\000u\000s\000e\000d\000\040\000d\000i\000g\000i\000t\000a\000l\000\040\000d\000e\000v\000i\000c\000e\000s}{chapter.1}% 11
\BOOKMARK [2][-]{subsection.1.4.1}{\376\377\000U\000s\000a\000b\000i\000l\000i\000t\000y}{section.1.4}% 12
\BOOKMARK [1][-]{section.1.5}{\376\377\000F\000o\000r\000m\000s\000\040\000o\000f\000\040\000T\000e\000s\000t\000i\000n\000g}{chapter.1}% 13
\BOOKMARK [1][-]{section.1.6}{\376\377\000S\000y\000s\000t\000e\000m\000\040\000I\000n\000s\000t\000a\000l\000l\000a\000t\000i\000o\000n\000s}{chapter.1}% 14
\BOOKMARK [2][-]{subsection.1.6.1}{\376\377\000P\000a\000r\000a\000l\000l\000e\000l\000l\000\040\000I\000n\000s\000t\000a\000l\000l\000a\000t\000i\000o\000n}{section.1.6}% 15
\BOOKMARK [2][-]{subsection.1.6.2}{\376\377\000D\000i\000r\000e\000c\000t\000\040\000I\000n\000s\000t\000a\000l\000l\000a\000t\000i\000o\000n}{section.1.6}% 16
\BOOKMARK [1][-]{section.1.7}{\376\377\000D\000a\000t\000a\000\040\000M\000i\000g\000r\000a\000t\000i\000o\000n}{chapter.1}% 17
\BOOKMARK [2][-]{subsection.1.7.1}{\376\377\000P\000r\000o\000b\000l\000e\000m\000s\000\040\000w\000i\000t\000h\000\040\000D\000a\000t\000a\000\040\000M\000i\000g\000r\000a\000t\000i\000o\000n}{section.1.7}% 18
\BOOKMARK [1][-]{section.1.8}{\376\377\000F\000o\000r\000m\000s\000\040\000o\000f\000\040\000S\000t\000a\000f\000f\000\040\000T\000r\000a\000i\000n\000i\000n\000g}{chapter.1}% 19
\BOOKMARK [1][-]{section.1.9}{\376\377\000D\000a\000t\000a\000\040\000L\000o\000s\000s}{chapter.1}% 20
\BOOKMARK [2][-]{subsection.1.9.1}{\376\377\000R\000a\000n\000g\000e\000s\000\040\000o\000f\000\040\000d\000a\000t\000a\000\040\000l\000o\000s\000s}{section.1.9}% 21
\BOOKMARK [2][-]{subsection.1.9.2}{\376\377\000C\000o\000n\000s\000e\000q\000u\000e\000n\000c\000e\000s}{section.1.9}% 22
\BOOKMARK [2][-]{subsection.1.9.3}{\376\377\000P\000r\000e\000v\000e\000n\000t\000i\000o\000n}{section.1.9}% 23
\BOOKMARK [1][-]{section.1.10}{\376\377\000S\000t\000r\000a\000t\000e\000g\000i\000e\000s\000\040\000f\000o\000r\000\040\000m\000a\000n\000g\000i\000n\000g\000\040\000r\000e\000l\000e\000a\000s\000e\000s\000\040\000a\000n\000d\000\040\000u\000p\000d\000a\000t\000e}{chapter.1}% 24
\BOOKMARK [2][-]{subsection.1.10.1}{\376\377\000S\000t\000r\000a\000t\000e\000g\000i\000e\000s}{section.1.10}% 25
